This file contains any messages produced by compilers while
running configure, to aid debugging if configure makes a mistake.

It was created by wxMoldeoControls configure 0.9, which was
generated by GNU Autoconf 2.64.  Invocation command line was

  $ ./configure --enable-maintainer-mode

## --------- ##
## Platform. ##
## --------- ##

hostname = Fabri
uname -m = x86_64
uname -r = 2.6.31-22-generic
uname -s = Linux
uname -v = #68-Ubuntu SMP Tue Oct 26 16:37:17 UTC 2010

/usr/bin/uname -p = unknown
/bin/uname -X     = unknown

/bin/arch              = unknown
/usr/bin/arch -k       = unknown
/usr/convex/getsysinfo = unknown
/usr/bin/hostinfo      = unknown
/bin/machine           = unknown
/usr/bin/oslevel       = unknown
/bin/universe          = unknown

PATH: /usr/local/sbin
PATH: /usr/local/bin
PATH: /usr/sbin
PATH: /usr/bin
PATH: /sbin
PATH: /bin
PATH: /usr/games


## ----------- ##
## Core tests. ##
## ----------- ##

configure:2412: checking for a BSD-compatible install
configure:2480: result: /usr/bin/install -c
configure:2491: checking whether build environment is sane
configure:2541: result: yes
configure:2682: checking for a thread-safe mkdir -p
configure:2721: result: /bin/mkdir -p
configure:2734: checking for gawk
configure:2764: result: no
configure:2734: checking for mawk
configure:2750: found /usr/bin/mawk
configure:2761: result: mawk
configure:2772: checking whether make sets $(MAKE)
configure:2794: result: yes
configure:2938: checking for g++
configure:2954: found /usr/bin/g++
configure:2965: result: g++
configure:2992: checking for C++ compiler version
configure:3001: g++ --version >&5
g++ (Ubuntu 4.4.1-4ubuntu9) 4.4.1
Copyright (C) 2009 Free Software Foundation, Inc.
This is free software; see the source for copying conditions.  There is NO
warranty; not even for MERCHANTABILITY or FITNESS FOR A PARTICULAR PURPOSE.

configure:3012: $? = 0
configure:3001: g++ -v >&5
Using built-in specs.
Target: x86_64-linux-gnu
Configured with: ../src/configure -v --with-pkgversion='Ubuntu 4.4.1-4ubuntu9' --with-bugurl=file:///usr/share/doc/gcc-4.4/README.Bugs --enable-languages=c,c++,fortran,objc,obj-c++ --prefix=/usr --enable-shared --enable-multiarch --enable-linker-build-id --with-system-zlib --libexecdir=/usr/lib --without-included-gettext --enable-threads=posix --with-gxx-include-dir=/usr/include/c++/4.4 --program-suffix=-4.4 --enable-nls --enable-clocale=gnu --enable-libstdcxx-debug --enable-objc-gc --disable-werror --with-arch-32=i486 --with-tune=generic --enable-checking=release --build=x86_64-linux-gnu --host=x86_64-linux-gnu --target=x86_64-linux-gnu
Thread model: posix
gcc version 4.4.1 (Ubuntu 4.4.1-4ubuntu9) 
configure:3012: $? = 0
configure:3001: g++ -V >&5
g++: '-V' option must have argument
configure:3012: $? = 1
configure:3001: g++ -qversion >&5
g++: unrecognized option '-qversion'
g++: no input files
configure:3012: $? = 1
configure:3034: checking for C++ compiler default output file name
configure:3056: g++    conftest.cpp  >&5
configure:3060: $? = 0
configure:3097: result: a.out
configure:3113: checking whether the C++ compiler works
configure:3122: ./a.out
configure:3126: $? = 0
configure:3141: result: yes
configure:3148: checking whether we are cross compiling
configure:3150: result: no
configure:3153: checking for suffix of executables
configure:3160: g++ -o conftest    conftest.cpp  >&5
configure:3164: $? = 0
configure:3186: result: 
configure:3192: checking for suffix of object files
configure:3214: g++ -c   conftest.cpp >&5
configure:3218: $? = 0
configure:3239: result: o
configure:3243: checking whether we are using the GNU C++ compiler
configure:3262: g++ -c   conftest.cpp >&5
configure:3262: $? = 0
configure:3271: result: yes
configure:3280: checking whether g++ accepts -g
configure:3300: g++ -c -g  conftest.cpp >&5
configure:3300: $? = 0
configure:3341: result: yes
configure:3375: checking for style of include used by make
configure:3403: result: GNU
configure:3428: checking dependency style of g++
configure:3538: result: gcc3
configure:3601: checking for gcc
configure:3617: found /usr/bin/gcc
configure:3628: result: gcc
configure:3857: checking for C compiler version
configure:3866: gcc --version >&5
gcc (Ubuntu 4.4.1-4ubuntu9) 4.4.1
Copyright (C) 2009 Free Software Foundation, Inc.
This is free software; see the source for copying conditions.  There is NO
warranty; not even for MERCHANTABILITY or FITNESS FOR A PARTICULAR PURPOSE.

configure:3877: $? = 0
configure:3866: gcc -v >&5
Using built-in specs.
Target: x86_64-linux-gnu
Configured with: ../src/configure -v --with-pkgversion='Ubuntu 4.4.1-4ubuntu9' --with-bugurl=file:///usr/share/doc/gcc-4.4/README.Bugs --enable-languages=c,c++,fortran,objc,obj-c++ --prefix=/usr --enable-shared --enable-multiarch --enable-linker-build-id --with-system-zlib --libexecdir=/usr/lib --without-included-gettext --enable-threads=posix --with-gxx-include-dir=/usr/include/c++/4.4 --program-suffix=-4.4 --enable-nls --enable-clocale=gnu --enable-libstdcxx-debug --enable-objc-gc --disable-werror --with-arch-32=i486 --with-tune=generic --enable-checking=release --build=x86_64-linux-gnu --host=x86_64-linux-gnu --target=x86_64-linux-gnu
Thread model: posix
gcc version 4.4.1 (Ubuntu 4.4.1-4ubuntu9) 
configure:3877: $? = 0
configure:3866: gcc -V >&5
gcc: '-V' option must have argument
configure:3877: $? = 1
configure:3866: gcc -qversion >&5
gcc: unrecognized option '-qversion'
gcc: no input files
configure:3877: $? = 1
configure:3881: checking whether we are using the GNU C compiler
configure:3900: gcc -c   conftest.c >&5
configure:3900: $? = 0
configure:3909: result: yes
configure:3918: checking whether gcc accepts -g
configure:3938: gcc -c -g  conftest.c >&5
configure:3938: $? = 0
configure:3979: result: yes
configure:3996: checking for gcc option to accept ISO C89
configure:4060: gcc  -c -g -O2  conftest.c >&5
configure:4060: $? = 0
configure:4073: result: none needed
configure:4095: checking dependency style of gcc
configure:4205: result: gcc3
configure:4221: checking for an ANSI C-conforming const
configure:4286: gcc -c -g -O2  conftest.c >&5
configure:4286: $? = 0
configure:4293: result: yes
configure:4330: checking build system type
configure:4344: result: x86_64-unknown-linux-gnu
configure:4364: checking host system type
configure:4377: result: x86_64-unknown-linux-gnu
configure:4397: checking for a sed that does not truncate output
configure:4461: result: /bin/sed
configure:4479: checking for grep that handles long lines and -e
configure:4537: result: /bin/grep
configure:4542: checking for egrep
configure:4604: result: /bin/grep -E
configure:4609: checking for fgrep
configure:4671: result: /bin/grep -F
configure:4706: checking for ld used by gcc
configure:4773: result: /usr/bin/ld
configure:4780: checking if the linker (/usr/bin/ld) is GNU ld
configure:4795: result: yes
configure:4807: checking for BSD- or MS-compatible name lister (nm)
configure:4856: result: /usr/bin/nm -B
configure:4974: checking the name lister (/usr/bin/nm -B) interface
configure:4981: gcc -c -g -O2  conftest.c >&5
configure:4984: /usr/bin/nm -B "conftest.o"
configure:4987: output
0000000000000000 B some_variable
configure:4994: result: BSD nm
configure:4997: checking whether ln -s works
configure:5001: result: yes
configure:5009: checking the maximum length of command line arguments
configure:5129: result: 1572864
configure:5146: checking whether the shell understands some XSI constructs
configure:5156: result: yes
configure:5160: checking whether the shell understands "+="
configure:5166: result: yes
configure:5201: checking for /usr/bin/ld option to reload object files
configure:5208: result: -r
configure:5277: checking for objdump
configure:5293: found /usr/bin/objdump
configure:5304: result: objdump
configure:5336: checking how to recognize dependent libraries
configure:5532: result: pass_all
configure:5592: checking for ar
configure:5608: found /usr/bin/ar
configure:5619: result: ar
configure:5697: checking for strip
configure:5713: found /usr/bin/strip
configure:5724: result: strip
configure:5796: checking for ranlib
configure:5812: found /usr/bin/ranlib
configure:5823: result: ranlib
configure:5913: checking command to parse /usr/bin/nm -B output from gcc object
configure:6031: gcc -c -g -O2  conftest.c >&5
configure:6034: $? = 0
configure:6038: /usr/bin/nm -B conftest.o \| sed -n -e 's/^.*[	 ]\([ABCDGIRSTW][ABCDGIRSTW]*\)[	 ][	 ]*\([_A-Za-z][_A-Za-z0-9]*\)$/\1 \2 \2/p' \> conftest.nm
configure:6041: $? = 0
configure:6095: gcc -o conftest -g -O2   conftest.c conftstm.o >&5
configure:6098: $? = 0
configure:6136: result: ok
configure:6231: gcc -c -g -O2  conftest.c >&5
configure:6234: $? = 0
configure:6944: checking how to run the C preprocessor
configure:6975: gcc -E  conftest.c
configure:6975: $? = 0
configure:6989: gcc -E  conftest.c
conftest.c:11:28: error: ac_nonexistent.h: No such file or directory
configure:6989: $? = 1
configure: failed program was:
| /* confdefs.h */
| #define PACKAGE_NAME "wxMoldeoControls"
| #define PACKAGE_TARNAME "wxMoldeoControls"
| #define PACKAGE_VERSION "0.9"
| #define PACKAGE_STRING "wxMoldeoControls 0.9"
| #define PACKAGE_BUGREPORT "info@moldeointeractive.com.ar"
| #define PACKAGE_URL ""
| #define PACKAGE "wxMoldeoControls"
| #define VERSION "0.9"
| /* end confdefs.h.  */
| #include <ac_nonexistent.h>
configure:7014: result: gcc -E
configure:7034: gcc -E  conftest.c
configure:7034: $? = 0
configure:7048: gcc -E  conftest.c
conftest.c:11:28: error: ac_nonexistent.h: No such file or directory
configure:7048: $? = 1
configure: failed program was:
| /* confdefs.h */
| #define PACKAGE_NAME "wxMoldeoControls"
| #define PACKAGE_TARNAME "wxMoldeoControls"
| #define PACKAGE_VERSION "0.9"
| #define PACKAGE_STRING "wxMoldeoControls 0.9"
| #define PACKAGE_BUGREPORT "info@moldeointeractive.com.ar"
| #define PACKAGE_URL ""
| #define PACKAGE "wxMoldeoControls"
| #define VERSION "0.9"
| /* end confdefs.h.  */
| #include <ac_nonexistent.h>
configure:7077: checking for ANSI C header files
configure:7097: gcc -c -g -O2  conftest.c >&5
configure:7097: $? = 0
configure:7170: gcc -o conftest -g -O2   conftest.c  >&5
configure:7170: $? = 0
configure:7170: ./conftest
configure:7170: $? = 0
configure:7181: result: yes
configure:7194: checking for sys/types.h
configure:7194: gcc -c -g -O2  conftest.c >&5
configure:7194: $? = 0
configure:7194: result: yes
configure:7194: checking for sys/stat.h
configure:7194: gcc -c -g -O2  conftest.c >&5
configure:7194: $? = 0
configure:7194: result: yes
configure:7194: checking for stdlib.h
configure:7194: gcc -c -g -O2  conftest.c >&5
configure:7194: $? = 0
configure:7194: result: yes
configure:7194: checking for string.h
configure:7194: gcc -c -g -O2  conftest.c >&5
configure:7194: $? = 0
configure:7194: result: yes
configure:7194: checking for memory.h
configure:7194: gcc -c -g -O2  conftest.c >&5
configure:7194: $? = 0
configure:7194: result: yes
configure:7194: checking for strings.h
configure:7194: gcc -c -g -O2  conftest.c >&5
configure:7194: $? = 0
configure:7194: result: yes
configure:7194: checking for inttypes.h
configure:7194: gcc -c -g -O2  conftest.c >&5
configure:7194: $? = 0
configure:7194: result: yes
configure:7194: checking for stdint.h
configure:7194: gcc -c -g -O2  conftest.c >&5
configure:7194: $? = 0
configure:7194: result: yes
configure:7194: checking for unistd.h
configure:7194: gcc -c -g -O2  conftest.c >&5
configure:7194: $? = 0
configure:7194: result: yes
configure:7209: checking for dlfcn.h
configure:7209: gcc -c -g -O2  conftest.c >&5
configure:7209: $? = 0
configure:7209: result: yes
configure:7334: checking for C++ compiler version
configure:7343: g++ --version >&5
g++ (Ubuntu 4.4.1-4ubuntu9) 4.4.1
Copyright (C) 2009 Free Software Foundation, Inc.
This is free software; see the source for copying conditions.  There is NO
warranty; not even for MERCHANTABILITY or FITNESS FOR A PARTICULAR PURPOSE.

configure:7354: $? = 0
configure:7343: g++ -v >&5
Using built-in specs.
Target: x86_64-linux-gnu
Configured with: ../src/configure -v --with-pkgversion='Ubuntu 4.4.1-4ubuntu9' --with-bugurl=file:///usr/share/doc/gcc-4.4/README.Bugs --enable-languages=c,c++,fortran,objc,obj-c++ --prefix=/usr --enable-shared --enable-multiarch --enable-linker-build-id --with-system-zlib --libexecdir=/usr/lib --without-included-gettext --enable-threads=posix --with-gxx-include-dir=/usr/include/c++/4.4 --program-suffix=-4.4 --enable-nls --enable-clocale=gnu --enable-libstdcxx-debug --enable-objc-gc --disable-werror --with-arch-32=i486 --with-tune=generic --enable-checking=release --build=x86_64-linux-gnu --host=x86_64-linux-gnu --target=x86_64-linux-gnu
Thread model: posix
gcc version 4.4.1 (Ubuntu 4.4.1-4ubuntu9) 
configure:7354: $? = 0
configure:7343: g++ -V >&5
g++: '-V' option must have argument
configure:7354: $? = 1
configure:7343: g++ -qversion >&5
g++: unrecognized option '-qversion'
g++: no input files
configure:7354: $? = 1
configure:7358: checking whether we are using the GNU C++ compiler
configure:7386: result: yes
configure:7395: checking whether g++ accepts -g
configure:7456: result: yes
configure:7481: checking dependency style of g++
configure:7591: result: gcc3
configure:7614: checking how to run the C++ preprocessor
configure:7641: g++ -E  conftest.cpp
configure:7641: $? = 0
configure:7655: g++ -E  conftest.cpp
conftest.cpp:22:28: error: ac_nonexistent.h: No such file or directory
configure:7655: $? = 1
configure: failed program was:
| /* confdefs.h */
| #define PACKAGE_NAME "wxMoldeoControls"
| #define PACKAGE_TARNAME "wxMoldeoControls"
| #define PACKAGE_VERSION "0.9"
| #define PACKAGE_STRING "wxMoldeoControls 0.9"
| #define PACKAGE_BUGREPORT "info@moldeointeractive.com.ar"
| #define PACKAGE_URL ""
| #define PACKAGE "wxMoldeoControls"
| #define VERSION "0.9"
| #define STDC_HEADERS 1
| #define HAVE_SYS_TYPES_H 1
| #define HAVE_SYS_STAT_H 1
| #define HAVE_STDLIB_H 1
| #define HAVE_STRING_H 1
| #define HAVE_MEMORY_H 1
| #define HAVE_STRINGS_H 1
| #define HAVE_INTTYPES_H 1
| #define HAVE_STDINT_H 1
| #define HAVE_UNISTD_H 1
| #define HAVE_DLFCN_H 1
| /* end confdefs.h.  */
| #include <ac_nonexistent.h>
configure:7680: result: g++ -E
configure:7700: g++ -E  conftest.cpp
configure:7700: $? = 0
configure:7714: g++ -E  conftest.cpp
conftest.cpp:22:28: error: ac_nonexistent.h: No such file or directory
configure:7714: $? = 1
configure: failed program was:
| /* confdefs.h */
| #define PACKAGE_NAME "wxMoldeoControls"
| #define PACKAGE_TARNAME "wxMoldeoControls"
| #define PACKAGE_VERSION "0.9"
| #define PACKAGE_STRING "wxMoldeoControls 0.9"
| #define PACKAGE_BUGREPORT "info@moldeointeractive.com.ar"
| #define PACKAGE_URL ""
| #define PACKAGE "wxMoldeoControls"
| #define VERSION "0.9"
| #define STDC_HEADERS 1
| #define HAVE_SYS_TYPES_H 1
| #define HAVE_SYS_STAT_H 1
| #define HAVE_STDLIB_H 1
| #define HAVE_STRING_H 1
| #define HAVE_MEMORY_H 1
| #define HAVE_STRINGS_H 1
| #define HAVE_INTTYPES_H 1
| #define HAVE_STDINT_H 1
| #define HAVE_UNISTD_H 1
| #define HAVE_DLFCN_H 1
| /* end confdefs.h.  */
| #include <ac_nonexistent.h>
configure:7920: checking for objdir
configure:7935: result: .libs
configure:8227: checking if gcc supports -fno-rtti -fno-exceptions
configure:8245: gcc -c -g -O2  -fno-rtti -fno-exceptions conftest.c >&5
cc1: warning: command line option "-fno-rtti" is valid for C++/ObjC++ but not for C
configure:8249: $? = 0
configure:8262: result: no
configure:8282: checking for gcc option to produce PIC
configure:8554: result: -fPIC -DPIC
configure:8566: checking if gcc PIC flag -fPIC -DPIC works
configure:8584: gcc -c -g -O2  -fPIC -DPIC -DPIC conftest.c >&5
configure:8588: $? = 0
configure:8601: result: yes
configure:8625: checking if gcc static flag -static works
configure:8653: result: yes
configure:8668: checking if gcc supports -c -o file.o
configure:8689: gcc -c -g -O2  -o out/conftest2.o conftest.c >&5
configure:8693: $? = 0
configure:8715: result: yes
configure:8723: checking if gcc supports -c -o file.o
configure:8770: result: yes
configure:8803: checking whether the gcc linker (/usr/bin/ld -m elf_x86_64) supports shared libraries
configure:9793: result: yes
configure:9830: checking whether -lc should be explicitly linked in
configure:9835: gcc -c -g -O2  conftest.c >&5
configure:9838: $? = 0
configure:9853: gcc -shared conftest.o  -v -Wl,-soname -Wl,conftest -o conftest 2\>\&1 \| /bin/grep  -lc  \>/dev/null 2\>\&1
configure:9856: $? = 0
configure:9868: result: no
configure:10032: checking dynamic linker characteristics
configure:10465: gcc -o conftest -g -O2   -Wl,-rpath -Wl,/foo conftest.c  >&5
configure:10465: $? = 0
configure:10695: result: GNU/Linux ld.so
configure:10797: checking how to hardcode library paths into programs
configure:10822: result: immediate
configure:11342: checking whether stripping libraries is possible
configure:11347: result: yes
configure:11382: checking if libtool supports shared libraries
configure:11384: result: yes
configure:11387: checking whether to build shared libraries
configure:11408: result: yes
configure:11411: checking whether to build static libraries
configure:11415: result: yes
configure:11565: checking for ld used by g++
configure:11632: result: /usr/bin/ld -m elf_x86_64
configure:11639: checking if the linker (/usr/bin/ld -m elf_x86_64) is GNU ld
configure:11654: result: yes
configure:11709: checking whether the g++ linker (/usr/bin/ld -m elf_x86_64) supports shared libraries
configure:12622: result: yes
configure:12650: g++ -c -g -O2  conftest.cpp >&5
configure:12653: $? = 0
configure:12835: checking for g++ option to produce PIC
configure:13152: result: -fPIC -DPIC
configure:13161: checking if g++ PIC flag -fPIC -DPIC works
configure:13179: g++ -c -g -O2  -fPIC -DPIC -DPIC conftest.cpp >&5
configure:13183: $? = 0
configure:13196: result: yes
configure:13217: checking if g++ static flag -static works
configure:13245: result: yes
configure:13257: checking if g++ supports -c -o file.o
configure:13278: g++ -c -g -O2  -o out/conftest2.o conftest.cpp >&5
configure:13282: $? = 0
configure:13304: result: yes
configure:13309: checking if g++ supports -c -o file.o
configure:13356: result: yes
configure:13386: checking whether the g++ linker (/usr/bin/ld -m elf_x86_64) supports shared libraries
configure:13415: result: yes
configure:13552: checking dynamic linker characteristics
configure:13933: g++ -o conftest -g -O2   -Wl,-rpath -Wl,/foo conftest.cpp  >&5
configure:13933: $? = 0
configure:14163: result: GNU/Linux ld.so
configure:14214: checking how to hardcode library paths into programs
configure:14239: result: immediate
configure:14410: checking for C++ compiler version
configure:14419: g++ --version >&5
g++ (Ubuntu 4.4.1-4ubuntu9) 4.4.1
Copyright (C) 2009 Free Software Foundation, Inc.
This is free software; see the source for copying conditions.  There is NO
warranty; not even for MERCHANTABILITY or FITNESS FOR A PARTICULAR PURPOSE.

configure:14430: $? = 0
configure:14419: g++ -v >&5
Using built-in specs.
Target: x86_64-linux-gnu
Configured with: ../src/configure -v --with-pkgversion='Ubuntu 4.4.1-4ubuntu9' --with-bugurl=file:///usr/share/doc/gcc-4.4/README.Bugs --enable-languages=c,c++,fortran,objc,obj-c++ --prefix=/usr --enable-shared --enable-multiarch --enable-linker-build-id --with-system-zlib --libexecdir=/usr/lib --without-included-gettext --enable-threads=posix --with-gxx-include-dir=/usr/include/c++/4.4 --program-suffix=-4.4 --enable-nls --enable-clocale=gnu --enable-libstdcxx-debug --enable-objc-gc --disable-werror --with-arch-32=i486 --with-tune=generic --enable-checking=release --build=x86_64-linux-gnu --host=x86_64-linux-gnu --target=x86_64-linux-gnu
Thread model: posix
gcc version 4.4.1 (Ubuntu 4.4.1-4ubuntu9) 
configure:14430: $? = 0
configure:14419: g++ -V >&5
g++: '-V' option must have argument
configure:14430: $? = 1
configure:14419: g++ -qversion >&5
g++: unrecognized option '-qversion'
g++: no input files
configure:14430: $? = 1
configure:14434: checking whether we are using the GNU C++ compiler
configure:14462: result: yes
configure:14471: checking whether g++ accepts -g
configure:14532: result: yes
configure:14557: checking dependency style of g++
configure:14667: result: gcc3
configure:14687: checking how to run the C++ preprocessor
configure:14753: result: g++ -E
configure:14773: g++ -E  conftest.cpp
configure:14773: $? = 0
configure:14787: g++ -E  conftest.cpp
conftest.cpp:23:28: error: ac_nonexistent.h: No such file or directory
configure:14787: $? = 1
configure: failed program was:
| /* confdefs.h */
| #define PACKAGE_NAME "wxMoldeoControls"
| #define PACKAGE_TARNAME "wxMoldeoControls"
| #define PACKAGE_VERSION "0.9"
| #define PACKAGE_STRING "wxMoldeoControls 0.9"
| #define PACKAGE_BUGREPORT "info@moldeointeractive.com.ar"
| #define PACKAGE_URL ""
| #define PACKAGE "wxMoldeoControls"
| #define VERSION "0.9"
| #define STDC_HEADERS 1
| #define HAVE_SYS_TYPES_H 1
| #define HAVE_SYS_STAT_H 1
| #define HAVE_STDLIB_H 1
| #define HAVE_STRING_H 1
| #define HAVE_MEMORY_H 1
| #define HAVE_STRINGS_H 1
| #define HAVE_INTTYPES_H 1
| #define HAVE_STDINT_H 1
| #define HAVE_UNISTD_H 1
| #define HAVE_DLFCN_H 1
| #define LT_OBJDIR ".libs/"
| /* end confdefs.h.  */
| #include <ac_nonexistent.h>
configure:14820: checking whether g++ understands -c and -o together
configure:14844: g++ -g -O2 -c conftest.cpp -o conftest2.o >&5
configure:14848: $? = 0
configure:14855: g++ -g -O2 -c conftest.cpp -o conftest2.o >&5
configure:14859: $? = 0
configure:14867: result: yes
configure:14943: checking for wx-config
configure:14962: found /usr/local/bin/wx-config
configure:14975: result: /usr/local/bin/wx-config
configure:14990: checking for wxWidgets version >= 2.6.0
configure:15037: result: yes (version 2.8.11)
configure:15041: checking for wxWidgets static library
configure:15045: result: no
configure:15173: checking for wxWidgets platform
configure:15178: result: wxGTK
configure:15283: checking if wxWidgets libraries are needed for plugins
configure:15292: result: no
configure:15479: creating ./config.status

## ---------------------- ##
## Running config.status. ##
## ---------------------- ##

This file was extended by wxMoldeoControls config.status 0.9, which was
generated by GNU Autoconf 2.64.  Invocation command line was

  CONFIG_FILES    = 
  CONFIG_HEADERS  = 
  CONFIG_LINKS    = 
  CONFIG_COMMANDS = 
  $ ./config.status 

on Fabri

config.status:1066: creating Makefile
config.status:1066: creating wxMoldeoControls/Makefile
config.status:1066: creating wxMoldeoControlsTest/Makefile
config.status:1066: creating moldeocontrols.pc
config.status:1229: executing depfiles commands
config.status:1229: executing libtool commands
configure:17753: WARNING: unrecognized options: --enable-maintainer-mode

## ---------------- ##
## Cache variables. ##
## ---------------- ##

ac_cv_build=x86_64-unknown-linux-gnu
ac_cv_c_compiler_gnu=yes
ac_cv_c_const=yes
ac_cv_cxx_compiler_gnu=yes
ac_cv_env_CCC_set=
ac_cv_env_CCC_value=
ac_cv_env_CC_set=
ac_cv_env_CC_value=
ac_cv_env_CFLAGS_set=
ac_cv_env_CFLAGS_value=
ac_cv_env_CPPFLAGS_set=
ac_cv_env_CPPFLAGS_value=
ac_cv_env_CPP_set=
ac_cv_env_CPP_value=
ac_cv_env_CXXCPP_set=
ac_cv_env_CXXCPP_value=
ac_cv_env_CXXFLAGS_set=
ac_cv_env_CXXFLAGS_value=
ac_cv_env_CXX_set=
ac_cv_env_CXX_value=
ac_cv_env_LDFLAGS_set=
ac_cv_env_LDFLAGS_value=
ac_cv_env_LIBS_set=
ac_cv_env_LIBS_value=
ac_cv_env_build_alias_set=
ac_cv_env_build_alias_value=
ac_cv_env_host_alias_set=
ac_cv_env_host_alias_value=
ac_cv_env_target_alias_set=
ac_cv_env_target_alias_value=
ac_cv_header_dlfcn_h=yes
ac_cv_header_inttypes_h=yes
ac_cv_header_memory_h=yes
ac_cv_header_stdc=yes
ac_cv_header_stdint_h=yes
ac_cv_header_stdlib_h=yes
ac_cv_header_string_h=yes
ac_cv_header_strings_h=yes
ac_cv_header_sys_stat_h=yes
ac_cv_header_sys_types_h=yes
ac_cv_header_unistd_h=yes
ac_cv_host=x86_64-unknown-linux-gnu
ac_cv_objext=o
ac_cv_path_EGREP='/bin/grep -E'
ac_cv_path_FGREP='/bin/grep -F'
ac_cv_path_GREP=/bin/grep
ac_cv_path_SED=/bin/sed
ac_cv_path_WX_CONFIG_PATH=/usr/local/bin/wx-config
ac_cv_path_install='/usr/bin/install -c'
ac_cv_path_mkdir=/bin/mkdir
ac_cv_prog_AWK=mawk
ac_cv_prog_CPP='gcc -E'
ac_cv_prog_CXXCPP='g++ -E'
ac_cv_prog_ac_ct_AR=ar
ac_cv_prog_ac_ct_CC=gcc
ac_cv_prog_ac_ct_CXX=g++
ac_cv_prog_ac_ct_OBJDUMP=objdump
ac_cv_prog_ac_ct_RANLIB=ranlib
ac_cv_prog_ac_ct_STRIP=strip
ac_cv_prog_cc_c89=
ac_cv_prog_cc_g=yes
ac_cv_prog_cxx_c_o=yes
ac_cv_prog_cxx_g=yes
ac_cv_prog_make_make_set=yes
am_cv_CC_dependencies_compiler_type=gcc3
am_cv_CXX_dependencies_compiler_type=gcc3
lt_cv_deplibs_check_method=pass_all
lt_cv_file_magic_cmd='$MAGIC_CMD'
lt_cv_file_magic_test_file=
lt_cv_ld_reload_flag=-r
lt_cv_nm_interface='BSD nm'
lt_cv_objdir=.libs
lt_cv_path_LD=/usr/bin/ld
lt_cv_path_LDCXX='/usr/bin/ld -m elf_x86_64'
lt_cv_path_NM='/usr/bin/nm -B'
lt_cv_prog_compiler_c_o=yes
lt_cv_prog_compiler_c_o_CXX=yes
lt_cv_prog_compiler_pic_works=yes
lt_cv_prog_compiler_pic_works_CXX=yes
lt_cv_prog_compiler_rtti_exceptions=no
lt_cv_prog_compiler_static_works=yes
lt_cv_prog_compiler_static_works_CXX=yes
lt_cv_prog_gnu_ld=yes
lt_cv_prog_gnu_ldcxx=yes
lt_cv_sys_global_symbol_pipe='sed -n -e '\''s/^.*[	 ]\([ABCDGIRSTW][ABCDGIRSTW]*\)[	 ][	 ]*\([_A-Za-z][_A-Za-z0-9]*\)$/\1 \2 \2/p'\'''
lt_cv_sys_global_symbol_to_c_name_address='sed -n -e '\''s/^: \([^ ]*\) $/  {\"\1\", (void *) 0},/p'\'' -e '\''s/^[ABCDGIRSTW]* \([^ ]*\) \([^ ]*\)$/  {"\2", (void *) \&\2},/p'\'''
lt_cv_sys_global_symbol_to_c_name_address_lib_prefix='sed -n -e '\''s/^: \([^ ]*\) $/  {\"\1\", (void *) 0},/p'\'' -e '\''s/^[ABCDGIRSTW]* \([^ ]*\) \(lib[^ ]*\)$/  {"\2", (void *) \&\2},/p'\'' -e '\''s/^[ABCDGIRSTW]* \([^ ]*\) \([^ ]*\)$/  {"lib\2", (void *) \&\2},/p'\'''
lt_cv_sys_global_symbol_to_cdecl='sed -n -e '\''s/^T .* \(.*\)$/extern int \1();/p'\'' -e '\''s/^[ABCDGIRSTW]* .* \(.*\)$/extern char \1;/p'\'''
lt_cv_sys_max_cmd_len=1572864

## ----------------- ##
## Output variables. ##
## ----------------- ##

ACLOCAL='${SHELL} /media/DATA/_data/proyectos/SINESTESIA/SVNSOURCEFORGE/wxMoldeoControls/trunk/missing --run aclocal-1.11'
AMDEPBACKSLASH='\'
AMDEP_FALSE='#'
AMDEP_TRUE=''
AMTAR='${SHELL} /media/DATA/_data/proyectos/SINESTESIA/SVNSOURCEFORGE/wxMoldeoControls/trunk/missing --run tar'
AR='ar'
AUTOCONF='${SHELL} /media/DATA/_data/proyectos/SINESTESIA/SVNSOURCEFORGE/wxMoldeoControls/trunk/missing --run autoconf'
AUTOHEADER='${SHELL} /media/DATA/_data/proyectos/SINESTESIA/SVNSOURCEFORGE/wxMoldeoControls/trunk/missing --run autoheader'
AUTOMAKE='${SHELL} /media/DATA/_data/proyectos/SINESTESIA/SVNSOURCEFORGE/wxMoldeoControls/trunk/missing --run automake-1.11'
AWK='mawk'
CC='gcc'
CCDEPMODE='depmode=gcc3'
CFLAGS='-g -O2 -pthread'
CPP='gcc -E'
CPPFLAGS=' -I/usr/local/lib/wx/include/gtk2-ansi-release-2.8 -I/usr/local/include/wx-2.8 -D_FILE_OFFSET_BITS=64 -D_LARGE_FILES -D__WXGTK__'
CXX='g++'
CXXCPP='g++ -E'
CXXDEPMODE='depmode=gcc3'
CXXFLAGS='-g -O2 '
CYGPATH_W='echo'
DEFS='-DPACKAGE_NAME=\"wxMoldeoControls\" -DPACKAGE_TARNAME=\"wxMoldeoControls\" -DPACKAGE_VERSION=\"0.9\" -DPACKAGE_STRING=\"wxMoldeoControls\ 0.9\" -DPACKAGE_BUGREPORT=\"info@moldeointeractive.com.ar\" -DPACKAGE_URL=\"\" -DPACKAGE=\"wxMoldeoControls\" -DVERSION=\"0.9\" -DSTDC_HEADERS=1 -DHAVE_SYS_TYPES_H=1 -DHAVE_SYS_STAT_H=1 -DHAVE_STDLIB_H=1 -DHAVE_STRING_H=1 -DHAVE_MEMORY_H=1 -DHAVE_STRINGS_H=1 -DHAVE_INTTYPES_H=1 -DHAVE_STDINT_H=1 -DHAVE_UNISTD_H=1 -DHAVE_DLFCN_H=1 -DLT_OBJDIR=\".libs/\"'
DEPDIR='.deps'
DSYMUTIL=''
DUMPBIN=''
ECHO_C=''
ECHO_N='-n'
ECHO_T=''
EGREP='/bin/grep -E'
EXEEXT=''
FGREP='/bin/grep -F'
GREP='/bin/grep'
INSTALL_DATA='${INSTALL} -m 644'
INSTALL_PROGRAM='${INSTALL}'
INSTALL_SCRIPT='${INSTALL}'
INSTALL_STRIP_PROGRAM='$(install_sh) -c -s'
LD='/usr/bin/ld -m elf_x86_64'
LDFLAGS=''
LIBOBJS=''
LIBS=' -L/usr/local/lib -pthread   -lwx_gtk2_richtext-2.8 -lwx_gtk2_aui-2.8 -lwx_gtk2_xrc-2.8 -lwx_gtk2_qa-2.8 -lwx_gtk2_html-2.8 -lwx_gtk2_adv-2.8 -lwx_gtk2_core-2.8 -lwx_base_xml-2.8 -lwx_base_net-2.8 -lwx_base-2.8 '
LIBTOOL='$(SHELL) $(top_builddir)/libtool'
LIPO=''
LN_S='ln -s'
LTLIBOBJS=''
MACSETFILE='@true'
MAKEINFO='${SHELL} /media/DATA/_data/proyectos/SINESTESIA/SVNSOURCEFORGE/wxMoldeoControls/trunk/missing --run makeinfo'
MKDIR_P='/bin/mkdir -p'
NM='/usr/bin/nm -B'
NMEDIT=''
OBJDUMP='objdump'
OBJEXT='o'
OTOOL64=''
OTOOL=''
PACKAGE='wxMoldeoControls'
PACKAGE_BUGREPORT='info@moldeointeractive.com.ar'
PACKAGE_NAME='wxMoldeoControls'
PACKAGE_STRING='wxMoldeoControls 0.9'
PACKAGE_TARNAME='wxMoldeoControls'
PACKAGE_URL=''
PACKAGE_VERSION='0.9'
PATH_SEPARATOR=':'
PLUGIN_WX_LIBS=''
POSTLINK_COMMAND='@true'
RANLIB='ranlib'
REZ=''
SED='/bin/sed'
SETFILE=''
SET_MAKE=''
SHELL='/bin/bash'
STRIP='strip'
VERSION='0.9'
WX_CFLAGS='-I/usr/local/lib/wx/include/gtk2-ansi-release-2.8 -I/usr/local/include/wx-2.8 -D_FILE_OFFSET_BITS=64 -D_LARGE_FILES -D__WXGTK__ -pthread'
WX_CFLAGS_ONLY='-pthread'
WX_CONFIG_PATH='/usr/local/bin/wx-config'
WX_CPPFLAGS='-I/usr/local/lib/wx/include/gtk2-ansi-release-2.8 -I/usr/local/include/wx-2.8 -D_FILE_OFFSET_BITS=64 -D_LARGE_FILES -D__WXGTK__'
WX_CXXFLAGS='-I/usr/local/lib/wx/include/gtk2-ansi-release-2.8 -I/usr/local/include/wx-2.8 -D_FILE_OFFSET_BITS=64 -D_LARGE_FILES -D__WXGTK__ -pthread'
WX_CXXFLAGS_ONLY=''
WX_GTK2_CFLAGS=''
WX_GTK2_LIBS=''
WX_LIBS='-L/usr/local/lib -pthread   -lwx_gtk2_richtext-2.8 -lwx_gtk2_aui-2.8 -lwx_gtk2_xrc-2.8 -lwx_gtk2_qa-2.8 -lwx_gtk2_html-2.8 -lwx_gtk2_adv-2.8 -lwx_gtk2_core-2.8 -lwx_base_xml-2.8 -lwx_base_net-2.8 -lwx_base-2.8 '
WX_LIBS_STATIC=''
WX_RESCOMP=''
WX_VERSION='2.8.11'
ac_ct_CC='gcc'
ac_ct_CXX='g++'
ac_ct_DUMPBIN=''
am__EXEEXT_FALSE=''
am__EXEEXT_TRUE='#'
am__fastdepCC_FALSE='#'
am__fastdepCC_TRUE=''
am__fastdepCXX_FALSE='#'
am__fastdepCXX_TRUE=''
am__include='include'
am__isrc=''
am__leading_dot='.'
am__quote=''
am__tar='${AMTAR} chof - "$$tardir"'
am__untar='${AMTAR} xf -'
bindir='${exec_prefix}/bin'
build='x86_64-unknown-linux-gnu'
build_alias=''
build_cpu='x86_64'
build_os='linux-gnu'
build_vendor='unknown'
datadir='${datarootdir}'
datarootdir='${prefix}/share'
docdir='${datarootdir}/doc/${PACKAGE_TARNAME}'
dvidir='${docdir}'
exec_prefix='${prefix}'
host='x86_64-unknown-linux-gnu'
host_alias=''
host_cpu='x86_64'
host_os='linux-gnu'
host_vendor='unknown'
htmldir='${docdir}'
includedir='${prefix}/include'
infodir='${datarootdir}/info'
install_sh='${SHELL} /media/DATA/_data/proyectos/SINESTESIA/SVNSOURCEFORGE/wxMoldeoControls/trunk/install-sh'
libdir='${exec_prefix}/lib'
libexecdir='${exec_prefix}/libexec'
localedir='${datarootdir}/locale'
localstatedir='${prefix}/var'
lt_ECHO='echo'
mandir='${datarootdir}/man'
mkdir_p='/bin/mkdir -p'
oldincludedir='/usr/include'
pdfdir='${docdir}'
pkgconfigdir='${libdir}/pkgconfig'
prefix='/usr/local'
program_transform_name='s,x,x,'
psdir='${docdir}'
sbindir='${exec_prefix}/sbin'
sharedstatedir='${prefix}/com'
sysconfdir='${prefix}/etc'
target_alias=''

## ----------- ##
## confdefs.h. ##
## ----------- ##

/* confdefs.h */
#define PACKAGE_NAME "wxMoldeoControls"
#define PACKAGE_TARNAME "wxMoldeoControls"
#define PACKAGE_VERSION "0.9"
#define PACKAGE_STRING "wxMoldeoControls 0.9"
#define PACKAGE_BUGREPORT "info@moldeointeractive.com.ar"
#define PACKAGE_URL ""
#define PACKAGE "wxMoldeoControls"
#define VERSION "0.9"
#define STDC_HEADERS 1
#define HAVE_SYS_TYPES_H 1
#define HAVE_SYS_STAT_H 1
#define HAVE_STDLIB_H 1
#define HAVE_STRING_H 1
#define HAVE_MEMORY_H 1
#define HAVE_STRINGS_H 1
#define HAVE_INTTYPES_H 1
#define HAVE_STDINT_H 1
#define HAVE_UNISTD_H 1
#define HAVE_DLFCN_H 1
#define LT_OBJDIR ".libs/"

configure: exit 0
